<?xml version="1.0" encoding="UTF-8"?>
<testsuite name="hello.springmvc.SpringmvcApplicationTests" tests="1" skipped="0" failures="0" errors="0" timestamp="2022-11-22T13:22:52" hostname="Macintosh.local" time="0.499">
  <properties/>
  <testcase name="contextLoads()" classname="hello.springmvc.SpringmvcApplicationTests" time="0.499"/>
  <system-out><![CDATA[22:22:48.447 [Test worker] DEBUG org.springframework.test.context.BootstrapUtils - Instantiating CacheAwareContextLoaderDelegate from class [org.springframework.test.context.cache.DefaultCacheAwareContextLoaderDelegate]
22:22:48.460 [Test worker] DEBUG org.springframework.test.context.BootstrapUtils - Instantiating BootstrapContext using constructor [public org.springframework.test.context.support.DefaultBootstrapContext(java.lang.Class,org.springframework.test.context.CacheAwareContextLoaderDelegate)]
22:22:48.502 [Test worker] DEBUG org.springframework.test.context.BootstrapUtils - Instantiating TestContextBootstrapper for test class [hello.springmvc.SpringmvcApplicationTests] from class [org.springframework.boot.test.context.SpringBootTestContextBootstrapper]
22:22:48.516 [Test worker] INFO org.springframework.boot.test.context.SpringBootTestContextBootstrapper - Neither @ContextConfiguration nor @ContextHierarchy found for test class [hello.springmvc.SpringmvcApplicationTests], using SpringBootContextLoader
22:22:48.521 [Test worker] DEBUG org.springframework.test.context.support.AbstractContextLoader - Did not detect default resource location for test class [hello.springmvc.SpringmvcApplicationTests]: class path resource [hello/springmvc/SpringmvcApplicationTests-context.xml] does not exist
22:22:48.523 [Test worker] DEBUG org.springframework.test.context.support.AbstractContextLoader - Did not detect default resource location for test class [hello.springmvc.SpringmvcApplicationTests]: class path resource [hello/springmvc/SpringmvcApplicationTestsContext.groovy] does not exist
22:22:48.523 [Test worker] INFO org.springframework.test.context.support.AbstractContextLoader - Could not detect default resource locations for test class [hello.springmvc.SpringmvcApplicationTests]: no resource found for suffixes {-context.xml, Context.groovy}.
22:22:48.524 [Test worker] INFO org.springframework.test.context.support.AnnotationConfigContextLoaderUtils - Could not detect default configuration classes for test class [hello.springmvc.SpringmvcApplicationTests]: SpringmvcApplicationTests does not declare any static, non-private, non-final, nested classes annotated with @Configuration.
22:22:48.577 [Test worker] DEBUG org.springframework.test.context.support.ActiveProfilesUtils - Could not find an 'annotation declaring class' for annotation type [org.springframework.test.context.ActiveProfiles] and class [hello.springmvc.SpringmvcApplicationTests]
22:22:48.665 [Test worker] DEBUG org.springframework.context.annotation.ClassPathScanningCandidateComponentProvider - Identified candidate component class: file [/Users/sohyunpark/git/springmvc/build/classes/java/main/hello/springmvc/SpringmvcApplication.class]
22:22:48.668 [Test worker] INFO org.springframework.boot.test.context.SpringBootTestContextBootstrapper - Found @SpringBootConfiguration hello.springmvc.SpringmvcApplication for test class hello.springmvc.SpringmvcApplicationTests
22:22:48.766 [Test worker] DEBUG org.springframework.boot.test.context.SpringBootTestContextBootstrapper - @TestExecutionListeners is not present for class [hello.springmvc.SpringmvcApplicationTests]: using defaults.
22:22:48.767 [Test worker] INFO org.springframework.boot.test.context.SpringBootTestContextBootstrapper - Loaded default TestExecutionListener class names from location [META-INF/spring.factories]: [org.springframework.boot.test.autoconfigure.restdocs.RestDocsTestExecutionListener, org.springframework.boot.test.autoconfigure.web.client.MockRestServiceServerResetTestExecutionListener, org.springframework.boot.test.autoconfigure.web.servlet.MockMvcPrintOnlyOnFailureTestExecutionListener, org.springframework.boot.test.autoconfigure.web.servlet.WebDriverTestExecutionListener, org.springframework.boot.test.autoconfigure.webservices.client.MockWebServiceServerTestExecutionListener, org.springframework.boot.test.mock.mockito.MockitoTestExecutionListener, org.springframework.boot.test.mock.mockito.ResetMocksTestExecutionListener, org.springframework.test.context.web.ServletTestExecutionListener, org.springframework.test.context.support.DirtiesContextBeforeModesTestExecutionListener, org.springframework.test.context.event.ApplicationEventsTestExecutionListener, org.springframework.test.context.support.DependencyInjectionTestExecutionListener, org.springframework.test.context.support.DirtiesContextTestExecutionListener, org.springframework.test.context.transaction.TransactionalTestExecutionListener, org.springframework.test.context.jdbc.SqlScriptsTestExecutionListener, org.springframework.test.context.event.EventPublishingTestExecutionListener]
22:22:48.776 [Test worker] DEBUG org.springframework.boot.test.context.SpringBootTestContextBootstrapper - Skipping candidate TestExecutionListener [org.springframework.test.context.transaction.TransactionalTestExecutionListener] due to a missing dependency. Specify custom listener classes or make the default listener classes and their required dependencies available. Offending class: [org/springframework/transaction/interceptor/TransactionAttributeSource]
22:22:48.777 [Test worker] DEBUG org.springframework.boot.test.context.SpringBootTestContextBootstrapper - Skipping candidate TestExecutionListener [org.springframework.test.context.jdbc.SqlScriptsTestExecutionListener] due to a missing dependency. Specify custom listener classes or make the default listener classes and their required dependencies available. Offending class: [org/springframework/transaction/interceptor/TransactionAttribute]
22:22:48.777 [Test worker] INFO org.springframework.boot.test.context.SpringBootTestContextBootstrapper - Using TestExecutionListeners: [org.springframework.test.context.web.ServletTestExecutionListener@22b53226, org.springframework.test.context.support.DirtiesContextBeforeModesTestExecutionListener@1fcb4808, org.springframework.test.context.event.ApplicationEventsTestExecutionListener@726e5805, org.springframework.boot.test.mock.mockito.MockitoTestExecutionListener@40c80397, org.springframework.boot.test.autoconfigure.SpringBootDependencyInjectionTestExecutionListener@4b672daa, org.springframework.test.context.support.DirtiesContextTestExecutionListener@ea9b7c6, org.springframework.test.context.event.EventPublishingTestExecutionListener@e077866, org.springframework.boot.test.autoconfigure.restdocs.RestDocsTestExecutionListener@ed3068a, org.springframework.boot.test.autoconfigure.web.client.MockRestServiceServerResetTestExecutionListener@7c2b6087, org.springframework.boot.test.autoconfigure.web.servlet.MockMvcPrintOnlyOnFailureTestExecutionListener@3fffff43, org.springframework.boot.test.autoconfigure.web.servlet.WebDriverTestExecutionListener@a8e6492, org.springframework.boot.test.autoconfigure.webservices.client.MockWebServiceServerTestExecutionListener@1c7fd41f, org.springframework.boot.test.mock.mockito.ResetMocksTestExecutionListener@3b77a04f]
22:22:48.780 [Test worker] DEBUG org.springframework.test.context.support.AbstractDirtiesContextTestExecutionListener - Before test class: context [DefaultTestContext@58ebfd03 testClass = SpringmvcApplicationTests, testInstance = [null], testMethod = [null], testException = [null], mergedContextConfiguration = [WebMergedContextConfiguration@5b07730f testClass = SpringmvcApplicationTests, locations = '{}', classes = '{class hello.springmvc.SpringmvcApplication}', contextInitializerClasses = '[]', activeProfiles = '{}', propertySourceLocations = '{}', propertySourceProperties = '{org.springframework.boot.test.context.SpringBootTestContextBootstrapper=true}', contextCustomizers = set[org.springframework.boot.test.autoconfigure.actuate.metrics.MetricsExportContextCustomizerFactory$DisableMetricExportContextCustomizer@455b6df1, org.springframework.boot.test.autoconfigure.properties.PropertyMappingContextCustomizer@0, org.springframework.boot.test.autoconfigure.web.servlet.WebDriverContextCustomizerFactory$Customizer@31add175, org.springframework.boot.test.context.filter.ExcludeFilterContextCustomizer@7922d892, org.springframework.boot.test.json.DuplicateJsonObjectContextCustomizerFactory$DuplicateJsonObjectContextCustomizer@1e8b7643, org.springframework.boot.test.mock.mockito.MockitoContextCustomizer@0, org.springframework.boot.test.web.client.TestRestTemplateContextCustomizer@1efe439d, org.springframework.boot.test.context.SpringBootTestArgs@1, org.springframework.boot.test.context.SpringBootTestWebEnvironment@6913c1fb], resourceBasePath = 'src/main/webapp', contextLoader = 'org.springframework.boot.test.context.SpringBootContextLoader', parent = [null]], attributes = map['org.springframework.test.context.web.ServletTestExecutionListener.activateListener' -> true]], class annotated with @DirtiesContext [false] with mode [null].

  .   ____          _            __ _ _
 /\\ / ___'_ __ _ _(_)_ __  __ _ \ \ \ \
( ( )\___ | '_ | '_| | '_ \/ _` | \ \ \ \
 \\/  ___)| |_)| | | | | || (_| |  ) ) ) )
  '  |____| .__|_| |_|_| |_\__, | / / / /
 =========|_|==============|___/=/_/_/_/
?[32m :: Spring Boot :: ?[39m              ?[2m (v2.7.5)?[0;39m

?[2m2022-11-22 22:22:49.435?[0;39m ?[32m INFO?[0;39m ?[35m14245?[0;39m ?[2m---?[0;39m ?[2m[    Test worker]?[0;39m ?[36mh.springmvc.SpringmvcApplicationTests   ?[0;39m ?[2m:?[0;39m Starting SpringmvcApplicationTests using Java 14.0.2 on Macintosh.local with PID 14245 (started by sohyunpark in /Users/sohyunpark/git/springmvc)
?[2m2022-11-22 22:22:49.436?[0;39m ?[32mDEBUG?[0;39m ?[35m14245?[0;39m ?[2m---?[0;39m ?[2m[    Test worker]?[0;39m ?[36mh.springmvc.SpringmvcApplicationTests   ?[0;39m ?[2m:?[0;39m Running with Spring Boot v2.7.5, Spring v5.3.23
?[2m2022-11-22 22:22:49.437?[0;39m ?[32m INFO?[0;39m ?[35m14245?[0;39m ?[2m---?[0;39m ?[2m[    Test worker]?[0;39m ?[36mh.springmvc.SpringmvcApplicationTests   ?[0;39m ?[2m:?[0;39m No active profile set, falling back to 1 default profile: "default"
?[2m2022-11-22 22:22:51.526?[0;39m ?[32m INFO?[0;39m ?[35m14245?[0;39m ?[2m---?[0;39m ?[2m[    Test worker]?[0;39m ?[36mo.s.b.a.w.s.WelcomePageHandlerMapping   ?[0;39m ?[2m:?[0;39m Adding welcome page: class path resource [static/index.html]
?[2m2022-11-22 22:22:51.991?[0;39m ?[32m INFO?[0;39m ?[35m14245?[0;39m ?[2m---?[0;39m ?[2m[    Test worker]?[0;39m ?[36mh.springmvc.SpringmvcApplicationTests   ?[0;39m ?[2m:?[0;39m Started SpringmvcApplicationTests in 3.18 seconds (JVM running for 4.586)
]]></system-out>
  <system-err><![CDATA[]]></system-err>
</testsuite>
